{
  "RSpec": {
    "coverage": {
      "/home/saasbook/CS169-AMASS/app/controllers/application_controller.rb": [
        1,
        1,
        1,
        null
      ],
      "/home/saasbook/CS169-AMASS/app/helpers/application_helper.rb": [
        1,
        null
      ],
      "/home/saasbook/CS169-AMASS/app/helpers/sessions_helper.rb": [
        1,
        1,
        9,
        9,
        9,
        9,
        null,
        null,
        1,
        66,
        null,
        null,
        1,
        9,
        null,
        null,
        1,
        71,
        71,
        null,
        null
      ],
      "/home/saasbook/CS169-AMASS/app/helpers/welcome_helper.rb": [
        1,
        null
      ],
      "/home/saasbook/CS169-AMASS/app/controllers/sessions_controller.rb": [
        1,
        1,
        null,
        null,
        1,
        26,
        26,
        5,
        5,
        null,
        21,
        21,
        null,
        null,
        null,
        1,
        null,
        null
      ],
      "/home/saasbook/CS169-AMASS/app/controllers/users_controller.rb": [
        1,
        null,
        1,
        8,
        0,
        null,
        8,
        null,
        null,
        null,
        1,
        11,
        11,
        4,
        4,
        null,
        null,
        7,
        7,
        null,
        null,
        null,
        null
      ],
      "/home/saasbook/CS169-AMASS/app/models/user.rb": [
        1,
        1,
        1,
        null,
        null,
        27,
        1,
        null,
        1,
        1,
        1,
        1,
        1,
        1,
        1,
        1,
        null,
        1,
        26,
        null,
        null,
        1,
        97,
        null,
        null,
        1,
        null,
        1,
        17,
        null,
        null
      ],
      "/home/saasbook/CS169-AMASS/app/controllers/welcome_controller.rb": [
        1,
        1,
        null,
        null
      ]
    },
    "timestamp": 1382934384
  }
}
