{
  "Cucumber Features": {
    "coverage": {
      "/home/saasbook/CS169-AMASS/app/controllers/application_controller.rb": [
        1,
        1,
        1,
        null
      ],
      "/home/saasbook/CS169-AMASS/app/helpers/application_helper.rb": [
        1,
        null
      ],
      "/home/saasbook/CS169-AMASS/app/helpers/projects_helper.rb": [
        1,
        null
      ],
      "/home/saasbook/CS169-AMASS/app/helpers/sessions_helper.rb": [
        1,
        1,
        3,
        3,
        3,
        3,
        null,
        null,
        1,
        55,
        null,
        null,
        1,
        3,
        null,
        null,
        1,
        58,
        58,
        null,
        null
      ],
      "/home/saasbook/CS169-AMASS/app/helpers/welcome_helper.rb": [
        1,
        null
      ],
      "/home/saasbook/CS169-AMASS/app/controllers/projects_controller.rb": [
        1,
        null,
        null,
        1,
        4,
        null,
        4,
        4,
        4,
        null,
        null,
        null,
        null,
        null,
        1,
        2,
        null,
        2,
        2,
        2,
        null,
        null,
        null,
        null,
        null,
        null,
        null,
        null,
        null,
        null,
        null,
        null,
        null,
        null,
        null,
        null,
        null,
        null,
        null,
        null,
        null,
        null,
        null,
        null,
        null,
        null,
        null,
        null,
        null,
        null,
        null,
        null,
        null,
        null,
        null,
        null,
        null,
        null,
        null,
        null,
        null,
        null,
        null,
        null,
        null,
        null,
        null,
        null,
        null,
        null,
        null,
        null,
        null,
        null,
        null,
        null,
        null,
        null,
        null,
        null,
        null,
        null,
        null,
        null
      ],
      "/home/saasbook/CS169-AMASS/app/models/project.rb": [
        1,
        1,
        null
      ],
      "/home/saasbook/CS169-AMASS/app/controllers/sessions_controller.rb": [
        1,
        1,
        null,
        null,
        1,
        3,
        3,
        1,
        1,
        null,
        2,
        2,
        null,
        null,
        null,
        1,
        null,
        null
      ],
      "/home/saasbook/CS169-AMASS/app/controllers/users_controller.rb": [
        1,
        null,
        1,
        28,
        12,
        null,
        16,
        null,
        null,
        null,
        1,
        14,
        14,
        2,
        2,
        null,
        null,
        12,
        12,
        null,
        null,
        null,
        null
      ],
      "/home/saasbook/CS169-AMASS/app/models/user.rb": [
        1,
        1,
        1,
        null,
        null,
        14,
        1,
        null,
        1,
        1,
        1,
        1,
        1,
        1,
        1,
        1,
        null,
        1,
        13,
        null,
        null,
        1,
        71,
        null,
        null,
        1,
        null,
        1,
        10,
        null,
        null
      ],
      "/home/saasbook/CS169-AMASS/app/controllers/welcome_controller.rb": [
        1,
        1,
        null,
        null
      ]
    },
    "timestamp": 1382942906
  },
  "RSpec": {
    "coverage": {
      "/home/saasbook/CS169-AMASS/app/controllers/application_controller.rb": [
        1,
        1,
        1,
        null
      ],
      "/home/saasbook/CS169-AMASS/app/helpers/application_helper.rb": [
        1,
        null
      ],
      "/home/saasbook/CS169-AMASS/app/helpers/projects_helper.rb": [
        1,
        null
      ],
      "/home/saasbook/CS169-AMASS/app/helpers/sessions_helper.rb": [
        1,
        1,
        9,
        9,
        9,
        9,
        null,
        null,
        1,
        67,
        null,
        null,
        1,
        9,
        null,
        null,
        1,
        72,
        72,
        null,
        null
      ],
      "/home/saasbook/CS169-AMASS/app/helpers/welcome_helper.rb": [
        1,
        null
      ],
      "/home/saasbook/CS169-AMASS/app/controllers/projects_controller.rb": [
        1,
        null,
        null,
        1,
        1,
        null,
        1,
        1,
        1,
        null,
        null,
        null,
        null,
        null,
        1,
        1,
        null,
        1,
        1,
        1,
        null,
        null,
        null,
        null,
        null,
        null,
        null,
        null,
        null,
        null,
        null,
        null,
        null,
        null,
        null,
        null,
        null,
        null,
        null,
        null,
        null,
        null,
        null,
        null,
        null,
        null,
        null,
        null,
        null,
        null,
        null,
        null,
        null,
        null,
        null,
        null,
        null,
        null,
        null,
        null,
        null,
        null,
        null,
        null,
        null,
        null,
        null,
        null,
        null,
        null,
        null,
        null,
        null,
        null,
        null,
        null,
        null,
        null,
        null,
        null,
        null,
        null,
        null,
        null
      ],
      "/home/saasbook/CS169-AMASS/app/models/project.rb": [
        1,
        1,
        null
      ],
      "/home/saasbook/CS169-AMASS/app/controllers/sessions_controller.rb": [
        1,
        1,
        null,
        null,
        1,
        26,
        26,
        5,
        5,
        null,
        21,
        21,
        null,
        null,
        null,
        1,
        null,
        null
      ],
      "/home/saasbook/CS169-AMASS/app/controllers/users_controller.rb": [
        1,
        null,
        1,
        8,
        0,
        null,
        8,
        null,
        null,
        null,
        1,
        11,
        11,
        4,
        4,
        null,
        null,
        7,
        7,
        null,
        null,
        null,
        null
      ],
      "/home/saasbook/CS169-AMASS/app/models/user.rb": [
        1,
        1,
        1,
        null,
        null,
        27,
        1,
        null,
        1,
        1,
        1,
        1,
        1,
        1,
        1,
        1,
        null,
        1,
        26,
        null,
        null,
        1,
        98,
        null,
        null,
        1,
        null,
        1,
        17,
        null,
        null
      ],
      "/home/saasbook/CS169-AMASS/app/controllers/welcome_controller.rb": [
        1,
        1,
        null,
        null
      ]
    },
    "timestamp": 1382942930
  }
}
